2020-10-20 08:31:46[WARN] user: wilromeo
GET /teams/2
USE eager loading detected
  Assign => [:user]
  Add to your finder: :includes => [:user]
Call stack
  /home/wilromeo/Bureau/teamdev-task-develop/app/views/teams/show.html.erb:43:in `block in _app_views_teams_show_html_erb___427428747977167622_69867176426580'
  /home/wilromeo/Bureau/teamdev-task-develop/app/views/teams/show.html.erb:40:in `_app_views_teams_show_html_erb___427428747977167622_69867176426580'

2020-10-20 08:31:46[WARN] user: wilromeo
GET /teams/2
USE eager loading detected
  Agenda => [:articles]
  Add to your finder: :includes => [:articles]
Call stack
  /home/wilromeo/Bureau/teamdev-task-develop/app/views/shared/layout/_sidebar.html.erb:41:in `block in _app_views_shared_layout__sidebar_html_erb___800468095381585687_69867194759960'
  /home/wilromeo/Bureau/teamdev-task-develop/app/views/shared/layout/_sidebar.html.erb:31:in `_app_views_shared_layout__sidebar_html_erb___800468095381585687_69867194759960'
  /home/wilromeo/Bureau/teamdev-task-develop/app/views/layouts/application.html.erb:24:in `_app_views_layouts_application_html_erb___1998835346884000087_69867176428980'

2020-10-22 09:18:56[WARN] user: wilromeo
GET /teams/2
USE eager loading detected
  Assign => [:user]
  Add to your finder: :includes => [:user]
Call stack
  /home/wilromeo/Bureau/teamdev-develop/app/views/teams/show.html.erb:43:in `block in _app_views_teams_show_html_erb__1405268664187283410_69943579960220'
  /home/wilromeo/Bureau/teamdev-develop/app/views/teams/show.html.erb:40:in `_app_views_teams_show_html_erb__1405268664187283410_69943579960220'

2020-10-22 09:18:56[WARN] user: wilromeo
GET /teams/2
USE eager loading detected
  Agenda => [:user]
  Add to your finder: :includes => [:user]
Call stack
  /home/wilromeo/Bureau/teamdev-develop/app/views/shared/layout/_sidebar.html.erb:41:in `block in _app_views_shared_layout__sidebar_html_erb__3334303955608239457_69943607757880'
  /home/wilromeo/Bureau/teamdev-develop/app/views/shared/layout/_sidebar.html.erb:31:in `_app_views_shared_layout__sidebar_html_erb__3334303955608239457_69943607757880'
  /home/wilromeo/Bureau/teamdev-develop/app/views/layouts/application.html.erb:24:in `_app_views_layouts_application_html_erb__1953929373132574642_69943579978980'

2020-10-22 09:18:56[WARN] user: wilromeo
GET /teams/2
USE eager loading detected
  Agenda => [:articles]
  Add to your finder: :includes => [:articles]
Call stack
  /home/wilromeo/Bureau/teamdev-develop/app/views/shared/layout/_sidebar.html.erb:47:in `block in _app_views_shared_layout__sidebar_html_erb__3334303955608239457_69943607757880'
  /home/wilromeo/Bureau/teamdev-develop/app/views/shared/layout/_sidebar.html.erb:31:in `_app_views_shared_layout__sidebar_html_erb__3334303955608239457_69943607757880'
  /home/wilromeo/Bureau/teamdev-develop/app/views/layouts/application.html.erb:24:in `_app_views_layouts_application_html_erb__1953929373132574642_69943579978980'

2020-10-22 09:19:22[WARN] user: wilromeo
GET /dashboard
USE eager loading detected
  Article => [:agenda]
  Add to your finder: :includes => [:agenda]
Call stack
  /home/wilromeo/Bureau/teamdev-develop/app/views/teams/dashboard.html.erb:18:in `block (2 levels) in _app_views_teams_dashboard_html_erb__4578068887826277806_69943587686660'
  /home/wilromeo/Bureau/teamdev-develop/app/views/teams/dashboard.html.erb:16:in `block in _app_views_teams_dashboard_html_erb__4578068887826277806_69943587686660'
  /home/wilromeo/Bureau/teamdev-develop/app/views/teams/dashboard.html.erb:12:in `_app_views_teams_dashboard_html_erb__4578068887826277806_69943587686660'

2020-10-22 09:19:22[WARN] user: wilromeo
GET /dashboard
USE eager loading detected
  Agenda => [:user]
  Add to your finder: :includes => [:user]
Call stack
  /home/wilromeo/Bureau/teamdev-develop/app/views/shared/layout/_sidebar.html.erb:41:in `block in _app_views_shared_layout__sidebar_html_erb__3334303955608239457_69943591790600'
  /home/wilromeo/Bureau/teamdev-develop/app/views/shared/layout/_sidebar.html.erb:31:in `_app_views_shared_layout__sidebar_html_erb__3334303955608239457_69943591790600'
  /home/wilromeo/Bureau/teamdev-develop/app/views/layouts/application.html.erb:24:in `_app_views_layouts_application_html_erb__1953929373132574642_69943587759320'

2020-10-22 09:19:22[WARN] user: wilromeo
GET /dashboard
USE eager loading detected
  Agenda => [:articles]
  Add to your finder: :includes => [:articles]
Call stack
  /home/wilromeo/Bureau/teamdev-develop/app/views/shared/layout/_sidebar.html.erb:47:in `block in _app_views_shared_layout__sidebar_html_erb__3334303955608239457_69943591790600'
  /home/wilromeo/Bureau/teamdev-develop/app/views/shared/layout/_sidebar.html.erb:31:in `_app_views_shared_layout__sidebar_html_erb__3334303955608239457_69943591790600'
  /home/wilromeo/Bureau/teamdev-develop/app/views/layouts/application.html.erb:24:in `_app_views_layouts_application_html_erb__1953929373132574642_69943587759320'

